c:\development\baekjoon\baekjoon\consoleapplication1\debug\vc142.pdb
c:\development\baekjoon\baekjoon\consoleapplication1\debug\vc142.idb
c:\development\baekjoon\baekjoon\consoleapplication1\debug\consoleapplication1.obj
c:\development\baekjoon\baekjoon\consoleapplication1\debug\2822.obj
c:\development\baekjoon\baekjoon\consoleapplication1\debug\1427.obj
c:\development\baekjoon\baekjoon\consoleapplication1\debug\1244.obj
c:\development\baekjoon\baekjoon\consoleapplication1\debug\consoleapplication1.pch
c:\development\baekjoon\baekjoon\consoleapplication1\debug\pch.obj
c:\development\baekjoon\baekjoon\consoleapplication1\debug\1935.obj
c:\development\baekjoon\baekjoon\consoleapplication1\debug\16967.obj
c:\development\baekjoon\baekjoon\consoleapplication1\debug\2164.obj
c:\development\baekjoon\baekjoon\consoleapplication1\debug\1935_.obj
c:\development\baekjoon\baekjoon\debug\consoleapplication1.exe
c:\development\baekjoon\baekjoon\consoleapplication1\debug\consoleapplication1.ilk
c:\development\baekjoon\baekjoon\debug\consoleapplication1.pdb
c:\development\baekjoon\baekjoon\consoleapplication1\debug\2164.obj.enc
c:\development\baekjoon\baekjoon\consoleapplication1\debug\consolea.152bf222.tlog\cl.command.1.tlog
c:\development\baekjoon\baekjoon\consoleapplication1\debug\consolea.152bf222.tlog\cl.read.1.tlog
c:\development\baekjoon\baekjoon\consoleapplication1\debug\consolea.152bf222.tlog\cl.write.1.tlog
c:\development\baekjoon\baekjoon\consoleapplication1\debug\consolea.152bf222.tlog\link.command.1.tlog
c:\development\baekjoon\baekjoon\consoleapplication1\debug\consolea.152bf222.tlog\link.read.1.tlog
c:\development\baekjoon\baekjoon\consoleapplication1\debug\consolea.152bf222.tlog\link.write.1.tlog
